d:\language c\hashtable\hashtable\release\vc143.pdb
d:\language c\hashtable\hashtable\release\text_words.obj
d:\language c\hashtable\hashtable\release\text_words.asm
d:\language c\hashtable\hashtable\release\text.obj
d:\language c\hashtable\hashtable\release\text.asm
d:\language c\hashtable\hashtable\release\main.obj
d:\language c\hashtable\hashtable\release\main.asm
d:\language c\hashtable\hashtable\release\logs.obj
d:\language c\hashtable\hashtable\release\logs.asm
d:\language c\hashtable\hashtable\release\list_verify.obj
d:\language c\hashtable\hashtable\release\list_verify.asm
d:\language c\hashtable\hashtable\release\list_unittests.obj
d:\language c\hashtable\hashtable\release\list_unittests.asm
d:\language c\hashtable\hashtable\release\list.obj
d:\language c\hashtable\hashtable\release\list.asm
d:\language c\hashtable\hashtable\release\hashtable_verify.obj
d:\language c\hashtable\hashtable\release\hashtable_verify.asm
d:\language c\hashtable\hashtable\release\hashtable_unittests.obj
d:\language c\hashtable\hashtable\release\hashtable_unittests.asm
d:\language c\hashtable\hashtable\release\hashtable_data.obj
d:\language c\hashtable\hashtable\release\hashtable_data.asm
d:\language c\hashtable\hashtable\release\hashtable.obj
d:\language c\hashtable\hashtable\release\hashtable.asm
d:\language c\hashtable\hashtable\release\hashtable_hash.obj
d:\language c\hashtable\hashtable\release\hashtable_hash.asm
d:\language c\hashtable\hashtable\release\fileio.obj
d:\language c\hashtable\hashtable\release\fileio.asm
d:\language c\hashtable\release\hashtable.exe
d:\language c\hashtable\release\hashtable.pdb
d:\language c\hashtable\hashtable\release\hashtable.ipdb
d:\language c\hashtable\hashtable\release\hashtable.iobj
d:\language c\hashtable\hashtable\release\hashtable.tlog\cl.command.1.tlog
d:\language c\hashtable\hashtable\release\hashtable.tlog\cl.read.1.tlog
d:\language c\hashtable\hashtable\release\hashtable.tlog\cl.write.1.tlog
d:\language c\hashtable\hashtable\release\hashtable.tlog\link.command.1.tlog
d:\language c\hashtable\hashtable\release\hashtable.tlog\link.read.1.tlog
d:\language c\hashtable\hashtable\release\hashtable.tlog\link.write.1.tlog
